<?xml version="1.0" encoding="UTF-8"?>
<!-- Generated by org.testng.reporters.JUnitReportReporter -->
<testsuite skipped="1" hostname="DESKTOP-712FLGM" name="com.hrms.testcases.FiveEmployees" tests="1" failures="0" timestamp="2020-06-04T17:02:25 CDT" time="0.000" errors="0">
  <testcase name="loginCredentials" time="0.000" classname="com.hrms.testcases.FiveEmployees">
    <skipped/>
  </testcase> <!-- loginCredentials -->
  <system-out/>
</testsuite> <!-- com.hrms.testcases.FiveEmployees -->
