<?xml version="1.0" encoding="UTF-8"?>
<!-- Generated by org.testng.reporters.JUnitReportReporter -->
<testsuite skipped="0" hostname="DESKTOP-712FLGM" name="com.hrms.testcases.ViewEmployeetest" tests="1" failures="0" timestamp="2020-06-04T01:22:10 CDT" time="13.313" errors="0">
  <testcase name="verifylabels" time="13.313" classname="com.hrms.testcases.ViewEmployeetest"/>
  <system-out/>
</testsuite> <!-- com.hrms.testcases.ViewEmployeetest -->
