<?xml version="1.0" encoding="UTF-8"?>
<!-- Generated by org.testng.reporters.JUnitReportReporter -->
<testsuite skipped="1" hostname="DESKTOP-712FLGM" name="com.hrms.testcases.ReportsDefinition" tests="1" failures="0" timestamp="2020-06-03T19:18:18 CDT" time="0.000" errors="0">
  <testcase name="DefiningReport" time="0.000" classname="com.hrms.testcases.ReportsDefinition">
    <skipped/>
  </testcase> <!-- DefiningReport -->
  <system-out/>
</testsuite> <!-- com.hrms.testcases.ReportsDefinition -->
