<?xml version="1.0" encoding="UTF-8"?>
<!-- Generated by org.testng.reporters.JUnitReportReporter -->
<testsuite skipped="0" hostname="DESKTOP-712FLGM" name="com.hrms.testcases.LoginTest" tests="3" failures="0" timestamp="2020-06-02T20:04:18 CDT" time="26.825" errors="0">
  <testcase name="InvalidPasswordAdminLogin" time="8.293" classname="com.hrms.testcases.LoginTest"/>
  <system-out/>
  <testcase name="validAdminLogin" time="10.734" classname="com.hrms.testcases.LoginTest"/>
  <system-out/>
  <testcase name="emptyUsername" time="7.798" classname="com.hrms.testcases.LoginTest"/>
  <system-out/>
</testsuite> <!-- com.hrms.testcases.LoginTest -->
